<?xml version="1.0" encoding="UTF-8"?>
<!-- Generated by org.testng.reporters.JUnitReportReporter -->
<testsuite hostname="LAPTOP-JFJKLQBL" failures="0" tests="2" name="FindingHospital.searchForDiagnostic" time="17.265" errors="0" timestamp="2020-11-01T18:08:56 IST" skipped="0">
  <testcase classname="FindingHospital.searchForDiagnostic" name="findHospitals" time="9.910"/>
  <system-out/>
  <testcase classname="FindingHospital.searchForDiagnostic" name="searchForTopCities" time="7.355"/>
  <system-out/>
</testsuite> <!-- FindingHospital.searchForDiagnostic -->
