<?xml version="1.0" encoding="UTF-8"?>
<!-- Generated by org.testng.reporters.JUnitReportReporter -->
<testsuite hostname="LAPTOP-JFJKLQBL" failures="0" tests="1" name="FindingHospital.SearchHospitals" time="14.591" errors="0" timestamp="2020-11-01T19:05:07 IST" skipped="0">
  <testcase classname="FindingHospital.SearchHospitals" name="findHospitals" time="14.591"/>
  <system-out/>
</testsuite> <!-- FindingHospital.SearchHospitals -->
