<?xml version="1.0" encoding="UTF-8"?>
<!-- Generated by org.testng.reporters.JUnitReportReporter -->
<testsuite hostname="LAPTOP-JFJKLQBL" failures="0" tests="3" name="FindingHospital.corporateWellness" time="54.531" errors="0" timestamp="2020-11-01T19:08:38 IST" skipped="0">
  <testcase classname="FindingHospital.corporateWellness" name="findHospitals" time="11.405"/>
  <system-out/>
  <testcase classname="FindingHospital.corporateWellness" name="searchForTopCities" time="34.487"/>
  <system-out/>
  <testcase classname="FindingHospital.corporateWellness" name="searchForCorporateWellness" time="8.639"/>
  <system-out/>
</testsuite> <!-- FindingHospital.corporateWellness -->
